<?xml version="1.0" encoding="UTF-8"?>
<!-- Generated by org.testng.reporters.JUnitXMLReporter -->
<testsuite hostname="WTSELVSE112038L" ignored="0" name="CafeTownSend" tests="4" failures="0" timestamp="23 jul 2020 17:39:15 GMT" time="57.216" errors="0">
  <testcase name="feature" time="17.393" classname="cucumber.api.testng.AbstractTestNGCucumberTests"/>
  <testcase name="feature" time="14.673" classname="cucumber.api.testng.AbstractTestNGCucumberTests"/>
  <testcase name="feature" time="10.357" classname="cucumber.api.testng.AbstractTestNGCucumberTests"/>
  <testcase name="feature" time="14.559" classname="cucumber.api.testng.AbstractTestNGCucumberTests"/>
</testsuite> <!-- CafeTownSend -->
