<?xml version="1.0" encoding="UTF-8"?>
<testsuite xmlns:xsi="http://www.w3.org/2001/XMLSchema-instance" xsi:noNamespaceSchemaLocation="https://maven.apache.org/surefire/maven-surefire-plugin/xsd/surefire-test-report-3.0.xsd" version="3.0" name="TestSuite" time="57.849" tests="4" errors="0" skipped="0" failures="0">
  <properties>
[...]
</properties>
  <testcase name="feature[Create User feature](1)" classname="com.cafeTownSend.Runner.TestRunner" time="17.549">
    <system-out><![CDATA[...
... TestNG 6.14.3 by Cédric Beust (cedric@beust.com)
...

Feature: Create User feature

  Scenario Outline: Create user Scenario                                           # CreateUser.feature:3
    Given user opens chrome browser
    And successful login into the application
    And user clicks on createUser button
    Then enter the user detials "<FirstName>" "<LastName>" "<StartDate>" "<Email>"
    Then click Add button
    Then logout from application

    Examples: 
C:\Users\sesa539054\Documents\Cepheid-Maven
2020-07-23 19:07:368 INFO  LoggerHelper:30 -  ** Executing Create User Tests ** 
browserName: chrome
2020-07-23 19:07:224 INFO  LoggerHelper:32 -  ** Browser is launched **
C:\Users\sesa539054\Documents\Cepheid-Maven
2020-07-23 19:07:523 INFO  LoggerHelper:47 - ** User login is success **
C:\Users\sesa539054\Documents\Cepheid-Maven
2020-07-23 19:07:971 INFO  LoggerHelper:61 - ** Create button is clicked **
C:\Users\sesa539054\Documents\Cepheid-Maven
2020-07-23 19:07:512 INFO  LoggerHelper:75 - ** User info is entered successfully **
2020-07-23 19:07:528 INFO  LoggerHelper:87 - ** New User s created successfully **
2020-07-23 19:07:626 INFO  LoggerHelper:98 - ** Logout successfully **

  Scenario Outline: Create user Scenario                                     # CreateUser.feature:14
    Given user opens chrome browser                                          # CreateUserSteps.user_opens_chrome_browser()
    And successful login into the application                                # CreateUserSteps.successful_login_into_the_application()
    And user clicks on createUser button                                     # CreateUserSteps.user_clicks_on_createUser_button()
    Then enter the user detials "Peter" "Von" "2020-03-10" "peter@gmail.com" # CreateUserSteps.enter_the_user_detials(String,String,String,String)
    Then click Add button                                                    # CreateUserSteps.click_Add_button()
    Then logout from application                                             # CreateUserSteps.logout_from_application()
C:\Users\sesa539054\Documents\Cepheid-Maven
2020-07-23 19:07:277 INFO  LoggerHelper:30 -  ** Executing Create User Tests ** 
browserName: chrome
2020-07-23 19:07:356 INFO  LoggerHelper:32 -  ** Browser is launched **
C:\Users\sesa539054\Documents\Cepheid-Maven
2020-07-23 19:07:685 INFO  LoggerHelper:47 - ** User login is success **
C:\Users\sesa539054\Documents\Cepheid-Maven
2020-07-23 19:07:154 INFO  LoggerHelper:61 - ** Create button is clicked **
C:\Users\sesa539054\Documents\Cepheid-Maven
2020-07-23 19:07:858 INFO  LoggerHelper:75 - ** User info is entered successfully **
2020-07-23 19:07:872 INFO  LoggerHelper:87 - ** New User s created successfully **
2020-07-23 19:07:973 INFO  LoggerHelper:98 - ** Logout successfully **

  Scenario Outline: Create user Scenario                                           # CreateUser.feature:15
    Given user opens chrome browser                                                # CreateUserSteps.user_opens_chrome_browser()
    And successful login into the application                                      # CreateUserSteps.successful_login_into_the_application()
    And user clicks on createUser button                                           # CreateUserSteps.user_clicks_on_createUser_button()
    Then enter the user detials "Ajay" "kumar" "2020-07-23" "ajay.kumar@gmail.com" # CreateUserSteps.enter_the_user_detials(String,String,String,String)
    Then click Add button                                                          # CreateUserSteps.click_Add_button()
    Then logout from application                                                   # CreateUserSteps.logout_from_application()
]]></system-out>
    <system-err><![CDATA[log4j:ERROR Could not find value for key log4j.appender.file
log4j:ERROR Could not instantiate appender named "file".
Starting ChromeDriver 83.0.4103.39 (ccbf011cb2d2b19b506d844400483861342c20cd-refs/branch-heads/4103@{#416}) on port 40839
Only local connections are allowed.
Please see https://chromedriver.chromium.org/security-considerations for suggestions on keeping ChromeDriver safe.
ChromeDriver was started successfully.
jul 23, 2020 7:38:22 EM org.openqa.selenium.remote.ProtocolHandshake createSession
INFO: Detected dialect: W3C
Starting ChromeDriver 83.0.4103.39 (ccbf011cb2d2b19b506d844400483861342c20cd-refs/branch-heads/4103@{#416}) on port 23338
Only local connections are allowed.
Please see https://chromedriver.chromium.org/security-considerations for suggestions on keeping ChromeDriver safe.
ChromeDriver was started successfully.
jul 23, 2020 7:38:30 EM org.openqa.selenium.remote.ProtocolHandshake createSession
INFO: Detected dialect: W3C
]]></system-err>
  </testcase>
  <testcase name="feature[Delete user feature](2)" classname="com.cafeTownSend.Runner.TestRunner" time="14.587">
    <system-out><![CDATA[Feature: Delete user feature
C:\Users\sesa539054\Documents\Cepheid-Maven
2020-07-23 19:07:651 INFO  LoggerHelper:34 - ** Executing DeleteUser Tests **
browserName: chrome
2020-07-23 19:07:117 INFO  LoggerHelper:36 - ** Browser is launched **
C:\Users\sesa539054\Documents\Cepheid-Maven
2020-07-23 19:07:416 INFO  LoggerHelper:50 - ** User Login is success **
C:\Users\sesa539054\Documents\Cepheid-Maven
2020-07-23 19:07:430 INFO  LoggerHelper:63 - ** User is clicked from Userlist **
2020-07-23 19:07:513 INFO  LoggerHelper:74 - ** Delete button is clicked **
2020-07-23 19:07:522 INFO  LoggerHelper:87 - ** Delete pop is displayed and user is deleted successfully**
2020-07-23 19:07:510 INFO  LoggerHelper:101 - ** Deleted user is not availabe in User List**
2020-07-23 19:07:679 INFO  LoggerHelper:114 - ** Logout successfully **

  Scenario: Delete user Scenario                   # Delete.feature:3
    Given user open the chrome browser             # DeleteUserSteps.user_open_the_chrome_browser()
    And successful login into application          # DeleteUserSteps.successful_login_into_application()
    Then select any user from the Userlist         # DeleteUserSteps.select_any_user_from_the_Userlist()
    And click on delete button                     # DeleteUserSteps.click_on_delete_button()
    Then click  Ok button in window pop up         # DeleteUserSteps.click_Ok_button_in_window_pop_up()
    Then user should be deleted from the user list # DeleteUserSteps.user_should_be_deleted_from_the_user_list()
    Then click logout option and close the Browser # DeleteUserSteps.click_logout_option_and_close_the_Browser()
]]></system-out>
    <system-err><![CDATA[Starting ChromeDriver 83.0.4103.39 (ccbf011cb2d2b19b506d844400483861342c20cd-refs/branch-heads/4103@{#416}) on port 48979
Only local connections are allowed.
Please see https://chromedriver.chromium.org/security-considerations for suggestions on keeping ChromeDriver safe.
ChromeDriver was started successfully.
jul 23, 2020 7:38:38 EM org.openqa.selenium.remote.ProtocolHandshake createSession
INFO: Detected dialect: W3C
]]></system-err>
  </testcase>
  <testcase name="feature[Edit user feature](3)" classname="com.cafeTownSend.Runner.TestRunner" time="10.361">
    <system-out><![CDATA[Feature: Edit user feature
C:\Users\sesa539054\Documents\Cepheid-Maven
2020-07-23 19:07:324 INFO  LoggerHelper:37 -  ** Executing Edit User Tests **
browserName: chrome
2020-07-23 19:07:344 INFO  LoggerHelper:40 -  ** Browser is launched **
C:\Users\sesa539054\Documents\Cepheid-Maven
2020-07-23 19:07:641 INFO  LoggerHelper:53 -  ** User Login is suceess **
C:\Users\sesa539054\Documents\Cepheid-Maven
2020-07-23 19:07:680 INFO  LoggerHelper:65 -  ** clicked user from Userlist **
2020-07-23 19:07:779 INFO  LoggerHelper:76 -  ** clicked edit button **
C:\Users\sesa539054\Documents\Cepheid-Maven
2019-06-25
2020-07-23 19:07:448 INFO  LoggerHelper:91 -  ** successfully edited the user info **
2020-07-23 19:07:509 INFO  LoggerHelper:103 -  ** User Edit operation is succcess **
after confirmation: ttitioan surrusss
2020-07-23 19:07:908 INFO  LoggerHelper:114 -  ** verified edited user displayed in user list **
2020-07-23 19:07:28 INFO  LoggerHelper:127 - ** Logout successfully **

  Scenario: Edit user Scenario                       # EditUser.feature:3
    Given user opens the browser                     # EditUserSteps.user_opens_the_browser()
    And successfull login into the application       # EditUserSteps.successfull_login_into_the_application()
    And click on user from userlist                  # EditUserSteps.click_on_user_from_userlist()
    Then click on edit button                        # EditUserSteps.click_on_edit_button()
    And edit the user info                           # EditUserSteps.edit_the_user_info()
    Then click on update button                      # EditUserSteps.click_on_update_button()
    Then verify the updated username in the userlist # EditUserSteps.verify_the_updated_username_in_the_userlist()
    Then click logout button                         # EditUserSteps.click_logout_button()
]]></system-out>
    <system-err><![CDATA[Starting ChromeDriver 83.0.4103.39 (ccbf011cb2d2b19b506d844400483861342c20cd-refs/branch-heads/4103@{#416}) on port 16834
Only local connections are allowed.
Please see https://chromedriver.chromium.org/security-considerations for suggestions on keeping ChromeDriver safe.
ChromeDriver was started successfully.
jul 23, 2020 7:38:53 EM org.openqa.selenium.remote.ProtocolHandshake createSession
INFO: Detected dialect: W3C
]]></system-err>
  </testcase>
  <testcase name="feature[User Login](4)" classname="com.cafeTownSend.Runner.TestRunner" time="14.614">
    <system-out><![CDATA[Feature: User Login

  Scenario Outline: Validate Login flow of CafeTown Application # Login.feature:3
    Given user launch the chrome browser
    Then user is on login page
    And enter "<username>" and "<password>"
    Then verify "<valid or invalid>" credentials
    Then close the browser

    Examples: 
C:\Users\sesa539054\Documents\Cepheid-Maven
2020-07-23 19:07:682 INFO  LoggerHelper:32 - ** Launching chrome browser **
browserName: chrome
C:\Users\sesa539054\Documents\Cepheid-Maven
2020-07-23 19:07:692 INFO  LoggerHelper:44 -  ** Page Title assertion success **
2020-07-23 19:07:21 INFO  LoggerHelper:60 -  ** login is success **
C:\Users\sesa539054\Documents\Cepheid-Maven
2020-07-23 19:07:24 INFO  LoggerHelper:77 -  ** Page Title assertion is success **
2020-07-23 19:07:66 INFO  LoggerHelper:79 -  ** Logged In username assertion is success **
2020-07-23 19:07:67 INFO  LoggerHelper:97 - Closing the browser
2020-07-23 19:07:67 INFO  LoggerHelper:98 - ** Logout successfully **

  Scenario Outline: Validate Login flow of CafeTown Application # Login.feature:13
    Given user launch the chrome browser                        # LoginPageSteps.user_launch_the_chrome_browser()
    Then user is on login page                                  # LoginPageSteps.user_is_on_login_page()
    And enter "Luke" and "Skywalker"                            # LoginPageSteps.enter_and(String,String)
    Then verify "valid" credentials                             # LoginPageSteps.verify_credentials(String)
    Then close the browser                                      # LoginPageSteps.close_the_browser()
C:\Users\sesa539054\Documents\Cepheid-Maven
2020-07-23 19:07:679 INFO  LoggerHelper:32 - ** Launching chrome browser **
browserName: chrome
C:\Users\sesa539054\Documents\Cepheid-Maven
2020-07-23 19:07:720 INFO  LoggerHelper:44 -  ** Page Title assertion success **
2020-07-23 19:07:32 INFO  LoggerHelper:60 -  ** login is success **
C:\Users\sesa539054\Documents\Cepheid-Maven
2020-07-23 19:07:597 INFO  LoggerHelper:83 -  ** verification of login Error message is success! **
2020-07-23 19:07:597 INFO  LoggerHelper:97 - Closing the browser
2020-07-23 19:07:598 INFO  LoggerHelper:98 - ** Logout successfully **

  Scenario Outline: Validate Login flow of CafeTown Application # Login.feature:14
    Given user launch the chrome browser                        # LoginPageSteps.user_launch_the_chrome_browser()
    Then user is on login page                                  # LoginPageSteps.user_is_on_login_page()
    And enter "Test" and "Test123"                              # LoginPageSteps.enter_and(String,String)
    Then verify "invalid" credentials                           # LoginPageSteps.verify_credentials(String)
    Then close the browser                                      # LoginPageSteps.close_the_browser()
]]></system-out>
    <system-err><![CDATA[Starting ChromeDriver 83.0.4103.39 (ccbf011cb2d2b19b506d844400483861342c20cd-refs/branch-heads/4103@{#416}) on port 9022
Only local connections are allowed.
Please see https://chromedriver.chromium.org/security-considerations for suggestions on keeping ChromeDriver safe.
ChromeDriver was started successfully.
jul 23, 2020 7:39:03 EM org.openqa.selenium.remote.ProtocolHandshake createSession
INFO: Detected dialect: W3C
Starting ChromeDriver 83.0.4103.39 (ccbf011cb2d2b19b506d844400483861342c20cd-refs/branch-heads/4103@{#416}) on port 3026
Only local connections are allowed.
Please see https://chromedriver.chromium.org/security-considerations for suggestions on keeping ChromeDriver safe.
ChromeDriver was started successfully.
jul 23, 2020 7:39:10 EM org.openqa.selenium.remote.ProtocolHandshake createSession
INFO: Detected dialect: W3C
]]></system-err>
  </testcase>
</testsuite>