<?xml version="1.0" encoding="UTF-8"?>
<testng-results skipped="0" failed="0" ignored="0" total="4" passed="4">
  <reporter-output>
  </reporter-output>
  <suite name="Smoke Suite" duration-ms="57216" started-at="2020-07-23T17:38:18Z" finished-at="2020-07-23T17:39:15Z">
    <groups>
      <group name="cucumber">
        <method signature="AbstractTestNGCucumberTests.feature(cucumber.api.testng.CucumberFeatureWrapper)[pri:0, instance:com.cafeTownSend.Runner.TestRunner@724af044]" name="feature" class="cucumber.api.testng.AbstractTestNGCucumberTests"/>
      </group> <!-- cucumber -->
    </groups>
    <test name="CafeTownSend" duration-ms="57216" started-at="2020-07-23T17:38:18Z" finished-at="2020-07-23T17:39:15Z">
      <class name="com.cafeTownSend.Runner.TestRunner">
        <test-method status="PASS" signature="setUpClass()[pri:0, instance:com.cafeTownSend.Runner.TestRunner@724af044]" name="setUpClass" is-config="true" duration-ms="157" started-at="2020-07-23T17:38:18Z" finished-at="2020-07-23T17:38:18Z">
          <reporter-output>
          </reporter-output>
        </test-method> <!-- setUpClass -->
        <test-method status="PASS" signature="feature(cucumber.api.testng.CucumberFeatureWrapper)[pri:0, instance:com.cafeTownSend.Runner.TestRunner@724af044]" name="feature" duration-ms="17393" started-at="2020-07-23T17:38:18Z" description="Runs Cucumber Feature" data-provider="features" finished-at="2020-07-23T17:38:35Z">
          <params>
            <param index="0">
              <value>
                <![CDATA[Create User feature]]>
              </value>
            </param>
          </params>
          <reporter-output>
          </reporter-output>
        </test-method> <!-- feature -->
        <test-method status="PASS" signature="feature(cucumber.api.testng.CucumberFeatureWrapper)[pri:0, instance:com.cafeTownSend.Runner.TestRunner@724af044]" name="feature" duration-ms="14673" started-at="2020-07-23T17:38:35Z" description="Runs Cucumber Feature" data-provider="features" finished-at="2020-07-23T17:38:50Z">
          <params>
            <param index="0">
              <value>
                <![CDATA[Delete user feature]]>
              </value>
            </param>
          </params>
          <reporter-output>
          </reporter-output>
        </test-method> <!-- feature -->
        <test-method status="PASS" signature="feature(cucumber.api.testng.CucumberFeatureWrapper)[pri:0, instance:com.cafeTownSend.Runner.TestRunner@724af044]" name="feature" duration-ms="10357" started-at="2020-07-23T17:38:50Z" description="Runs Cucumber Feature" data-provider="features" finished-at="2020-07-23T17:39:00Z">
          <params>
            <param index="0">
              <value>
                <![CDATA[Edit user feature]]>
              </value>
            </param>
          </params>
          <reporter-output>
          </reporter-output>
        </test-method> <!-- feature -->
        <test-method status="PASS" signature="feature(cucumber.api.testng.CucumberFeatureWrapper)[pri:0, instance:com.cafeTownSend.Runner.TestRunner@724af044]" name="feature" duration-ms="14559" started-at="2020-07-23T17:39:00Z" description="Runs Cucumber Feature" data-provider="features" finished-at="2020-07-23T17:39:15Z">
          <params>
            <param index="0">
              <value>
                <![CDATA[User Login]]>
              </value>
            </param>
          </params>
          <reporter-output>
          </reporter-output>
        </test-method> <!-- feature -->
        <test-method status="PASS" signature="tearDownClass()[pri:0, instance:com.cafeTownSend.Runner.TestRunner@724af044]" name="tearDownClass" is-config="true" duration-ms="11" started-at="2020-07-23T17:39:15Z" finished-at="2020-07-23T17:39:15Z">
          <reporter-output>
          </reporter-output>
        </test-method> <!-- tearDownClass -->
      </class> <!-- com.cafeTownSend.Runner.TestRunner -->
    </test> <!-- CafeTownSend -->
  </suite> <!-- Smoke Suite -->
</testng-results>
